[INFO] Scanning for projects...
[INFO] 
[INFO] ----------------< com.example:reto-backend-febrero2026 >----------------
[INFO] Building reto-backend-febrero2026 0.0.1-SNAPSHOT
[INFO]   from pom.xml
[INFO] --------------------------------[ jar ]---------------------------------
[INFO] 
[INFO] >>> spring-boot:3.5.10:run (default-cli) > test-compile @ reto-backend-febrero2026 >>>
[INFO] 
[INFO] --- resources:3.3.1:resources (default-resources) @ reto-backend-febrero2026 ---
[INFO] Copying 1 resource from src\main\resources to target\classes
[INFO] Copying 3 resources from src\main\resources to target\classes
[INFO] 
[INFO] --- compiler:3.14.1:compile (default-compile) @ reto-backend-febrero2026 ---
[INFO] Nothing to compile - all classes are up to date.
[INFO] 
[INFO] --- resources:3.3.1:testResources (default-testResources) @ reto-backend-febrero2026 ---
[INFO] skip non existing resourceDirectory C:\Users\enzui\OneDrive - Universidad Católica del Uruguay\invenzis-back\reto-summer-pde-2026-invenzis-backend\src\test\resources
[INFO] 
[INFO] --- compiler:3.14.1:testCompile (default-testCompile) @ reto-backend-febrero2026 ---
[INFO] Recompiling the module because of changed source code.
[INFO] Compiling 9 source files with javac [debug parameters release 21] to target\test-classes
WARNING: A terminally deprecated method in sun.misc.Unsafe has been called
WARNING: sun.misc.Unsafe::objectFieldOffset has been called by lombok.permit.Permit
WARNING: Please consider reporting this to the maintainers of class lombok.permit.Permit
WARNING: sun.misc.Unsafe::objectFieldOffset will be removed in a future release
[WARNING] /C:/Users/enzui/OneDrive - Universidad Católica del Uruguay/invenzis-back/reto-summer-pde-2026-invenzis-backend/src/test/java/com/example/reto_backend_febrero2026/subfamilia/SubfamiliaControllerTest.java:[28,6] org.springframework.boot.test.mock.mockito.MockBean in org.springframework.boot.test.mock.mockito has been deprecated and marked for removal
[WARNING] /C:/Users/enzui/OneDrive - Universidad Católica del Uruguay/invenzis-back/reto-summer-pde-2026-invenzis-backend/src/test/java/com/example/reto_backend_febrero2026/subfamilia/SubfamiliaControllerTest.java:[28,6] org.springframework.boot.test.mock.mockito.MockBean in org.springframework.boot.test.mock.mockito has been deprecated and marked for removal
[WARNING] /C:/Users/enzui/OneDrive - Universidad Católica del Uruguay/invenzis-back/reto-summer-pde-2026-invenzis-backend/src/test/java/com/example/reto_backend_febrero2026/subfamilia/SubfamiliaControllerTest.java:[28,6] org.springframework.boot.test.mock.mockito.MockBean in org.springframework.boot.test.mock.mockito has been deprecated and marked for removal
[WARNING] /C:/Users/enzui/OneDrive - Universidad Católica del Uruguay/invenzis-back/reto-summer-pde-2026-invenzis-backend/src/test/java/com/example/reto_backend_febrero2026/subfamilia/SubfamiliaControllerTest.java:[28,6] org.springframework.boot.test.mock.mockito.MockBean in org.springframework.boot.test.mock.mockito has been deprecated and marked for removal
[WARNING] /C:/Users/enzui/OneDrive - Universidad Católica del Uruguay/invenzis-back/reto-summer-pde-2026-invenzis-backend/src/test/java/com/example/reto_backend_febrero2026/subfamilia/SubfamiliaControllerTest.java:[28,6] org.springframework.boot.test.mock.mockito.MockBean in org.springframework.boot.test.mock.mockito has been deprecated and marked for removal
[INFO] 
[INFO] <<< spring-boot:3.5.10:run (default-cli) < test-compile @ reto-backend-febrero2026 <<<
[INFO] 
[INFO] 
[INFO] --- spring-boot:3.5.10:run (default-cli) @ reto-backend-febrero2026 ---
[INFO] Attaching agents: []

  .   ____          _            __ _ _
 /\\ / ___'_ __ _ _(_)_ __  __ _ \ \ \ \
( ( )\___ | '_ | '_| | '_ \/ _` | \ \ \ \
 \\/  ___)| |_)| | | | | || (_| |  ) ) ) )
  '  |____| .__|_| |_|_| |_\__, | / / / /
 =========|_|==============|___/=/_/_/_/

 :: Spring Boot ::               (v3.5.10)

2026-02-26T21:46:27.968-03:00  INFO 17836 --- [reto-backend-febrero2026] [           main] c.e.r.RetoBackendFebrero2026Application  : Starting RetoBackendFebrero2026Application using Java 25.0.2 with PID 17836 (C:\Users\enzui\OneDrive - Universidad CatĂłlica del Uruguay\invenzis-back\reto-summer-pde-2026-invenzis-backend\target\classes started by enzui in C:\Users\enzui\OneDrive - Universidad CatĂłlica del Uruguay\invenzis-back\reto-summer-pde-2026-invenzis-backend)
2026-02-26T21:46:27.970-03:00  INFO 17836 --- [reto-backend-febrero2026] [           main] c.e.r.RetoBackendFebrero2026Application  : No active profile set, falling back to 1 default profile: "default"
2026-02-26T21:46:28.979-03:00  INFO 17836 --- [reto-backend-febrero2026] [           main] .s.d.r.c.RepositoryConfigurationDelegate : Bootstrapping Spring Data JPA repositories in DEFAULT mode.
2026-02-26T21:46:29.109-03:00  INFO 17836 --- [reto-backend-febrero2026] [           main] .s.d.r.c.RepositoryConfigurationDelegate : Finished Spring Data repository scanning in 116 ms. Found 8 JPA repository interfaces.
2026-02-26T21:46:30.189-03:00  INFO 17836 --- [reto-backend-febrero2026] [           main] o.s.b.w.embedded.tomcat.TomcatWebServer  : Tomcat initialized with port 8080 (http)
2026-02-26T21:46:30.214-03:00  INFO 17836 --- [reto-backend-febrero2026] [           main] o.apache.catalina.core.StandardService   : Starting service [Tomcat]
2026-02-26T21:46:30.215-03:00  INFO 17836 --- [reto-backend-febrero2026] [           main] o.apache.catalina.core.StandardEngine    : Starting Servlet engine: [Apache Tomcat/10.1.50]
2026-02-26T21:46:30.305-03:00  INFO 17836 --- [reto-backend-febrero2026] [           main] o.a.c.c.C.[Tomcat].[localhost].[/]       : Initializing Spring embedded WebApplicationContext
2026-02-26T21:46:30.305-03:00  INFO 17836 --- [reto-backend-febrero2026] [           main] w.s.c.ServletWebServerApplicationContext : Root WebApplicationContext: initialization completed in 2279 ms
2026-02-26T21:46:30.483-03:00  INFO 17836 --- [reto-backend-febrero2026] [           main] o.hibernate.jpa.internal.util.LogHelper  : HHH000204: Processing PersistenceUnitInfo [name: default]
2026-02-26T21:46:30.547-03:00  INFO 17836 --- [reto-backend-febrero2026] [           main] org.hibernate.Version                    : HHH000412: Hibernate ORM core version 6.6.41.Final
2026-02-26T21:46:30.585-03:00  INFO 17836 --- [reto-backend-febrero2026] [           main] o.h.c.internal.RegionFactoryInitiator    : HHH000026: Second-level cache disabled
2026-02-26T21:46:31.212-03:00  INFO 17836 --- [reto-backend-febrero2026] [           main] o.s.o.j.p.SpringPersistenceUnitInfo      : No LoadTimeWeaver setup: ignoring JPA class transformer
2026-02-26T21:46:31.270-03:00  INFO 17836 --- [reto-backend-febrero2026] [           main] com.zaxxer.hikari.HikariDataSource       : HikariPool-1 - Starting...
2026-02-26T21:46:33.165-03:00  INFO 17836 --- [reto-backend-febrero2026] [           main] com.zaxxer.hikari.pool.HikariPool        : HikariPool-1 - Added connection org.postgresql.jdbc.PgConnection@14239223
2026-02-26T21:46:33.167-03:00  INFO 17836 --- [reto-backend-febrero2026] [           main] com.zaxxer.hikari.HikariDataSource       : HikariPool-1 - Start completed.
2026-02-26T21:46:33.429-03:00  WARN 17836 --- [reto-backend-febrero2026] [           main] org.hibernate.orm.deprecation            : HHH90000025: PostgreSQLDialect does not need to be specified explicitly using 'hibernate.dialect' (remove the property setting and it will be selected by default)
2026-02-26T21:46:33.875-03:00  INFO 17836 --- [reto-backend-febrero2026] [           main] org.hibernate.orm.connections.pooling    : HHH10001005: Database info:
	Database JDBC URL [Connecting through datasource 'HikariDataSource (HikariPool-1)']
	Database driver: undefined/unknown
	Database version: 17.6
	Autocommit mode: undefined/unknown
	Isolation level: undefined/unknown
	Minimum pool size: undefined/unknown
	Maximum pool size: undefined/unknown
2026-02-26T21:46:35.506-03:00  INFO 17836 --- [reto-backend-febrero2026] [           main] o.h.e.t.j.p.i.JtaPlatformInitiator       : HHH000489: No JTA platform available (set 'hibernate.transaction.jta.platform' to enable JTA platform integration)
2026-02-26T21:46:40.068-03:00  INFO 17836 --- [reto-backend-febrero2026] [           main] j.LocalContainerEntityManagerFactoryBean : Initialized JPA EntityManagerFactory for persistence unit 'default'
2026-02-26T21:46:40.976-03:00  INFO 17836 --- [reto-backend-febrero2026] [           main] o.s.d.j.r.query.QueryEnhancerFactory     : Hibernate is in classpath; If applicable, HQL parser will be used.
2026-02-26T21:46:42.794-03:00  WARN 17836 --- [reto-backend-febrero2026] [           main] JpaBaseConfiguration$JpaWebConfiguration : spring.jpa.open-in-view is enabled by default. Therefore, database queries may be performed during view rendering. Explicitly configure spring.jpa.open-in-view to disable this warning
2026-02-26T21:46:42.894-03:00  INFO 17836 --- [reto-backend-febrero2026] [           main] o.s.v.b.OptionalValidatorFactoryBean     : Failed to set up a Bean Validation provider: jakarta.validation.NoProviderFoundException: Unable to create a Configuration, because no Jakarta Bean Validation provider could be found. Add a provider like Hibernate Validator (RI) to your classpath.
2026-02-26T21:46:43.735-03:00  INFO 17836 --- [reto-backend-febrero2026] [           main] .w.s.a.s.AnnotationActionEndpointMapping : Supporting [WS-Addressing August 2004, WS-Addressing 1.0]
2026-02-26T21:46:43.860-03:00  INFO 17836 --- [reto-backend-febrero2026] [           main] o.s.b.w.embedded.tomcat.TomcatWebServer  : Tomcat started on port 8080 (http) with context path '/'
2026-02-26T21:46:43.878-03:00  INFO 17836 --- [reto-backend-febrero2026] [           main] c.e.r.RetoBackendFebrero2026Application  : Started RetoBackendFebrero2026Application in 16.318 seconds (process running for 16.72)
2026-02-26T21:47:00.017-03:00  INFO 17836 --- [reto-backend-febrero2026] [   scheduling-1] c.e.r.licitacion.LicitacionScheduler     : Iniciando envĂ­o diario de licitaciones ARCE
2026-02-26T21:47:01.260-03:00  INFO 17836 --- [reto-backend-febrero2026] [   scheduling-1] c.e.r.AuditAspect                        : [37450481] MĂłdulo: ARCE_CLIENTE_SERVICE - Mensaje: EjecuciĂłn exitosa: obtenerLicitaciones - Detalle: [ArceRssFilters[familyCod=1, subFamilyCod=1]]
2026-02-26T21:47:02.474-03:00  INFO 17836 --- [reto-backend-febrero2026] [   scheduling-1] c.e.r.licitacion.LicitacionScheduler     : EnvĂ­o diario completado con 0 licitaciones
2026-02-26T21:47:02.952-03:00  INFO 17836 --- [reto-backend-febrero2026] [  AuditThread-2] c.e.r.email.EmailService                 : Usando 1 emails de la base de datos
2026-02-26T21:47:06.312-03:00  INFO 17836 --- [reto-backend-febrero2026] [  AuditThread-2] c.e.r.email.EmailService                 : Email de licitaciones enviado a 1 destinatarios con 0 licitaciones
2026-02-26T21:47:06.313-03:00  INFO 17836 --- [reto-backend-febrero2026] [  AuditThread-2] c.e.r.AuditAspect                        : [37450481] MĂłdulo: EMAIL_SERVICE - Mensaje: EjecuciĂłn exitosa: sendLicitacionesEmail - Detalle: [[]]
2026-02-26T21:48:00.000-03:00  INFO 17836 --- [reto-backend-febrero2026] [   scheduling-1] c.e.r.licitacion.LicitacionScheduler     : Iniciando envĂ­o diario de licitaciones ARCE
2026-02-26T21:48:00.798-03:00  INFO 17836 --- [reto-backend-febrero2026] [   scheduling-1] c.e.r.AuditAspect                        : [37450481] MĂłdulo: ARCE_CLIENTE_SERVICE - Mensaje: EjecuciĂłn exitosa: obtenerLicitaciones - Detalle: [ArceRssFilters[familyCod=1, subFamilyCod=1]]
2026-02-26T21:48:02.026-03:00  INFO 17836 --- [reto-backend-febrero2026] [   scheduling-1] c.e.r.licitacion.LicitacionScheduler     : EnvĂ­o diario completado con 0 licitaciones
2026-02-26T21:48:02.304-03:00  INFO 17836 --- [reto-backend-febrero2026] [  AuditThread-5] c.e.r.email.EmailService                 : Usando 1 emails de la base de datos
2026-02-26T21:48:05.648-03:00  INFO 17836 --- [reto-backend-febrero2026] [  AuditThread-5] c.e.r.email.EmailService                 : Email de licitaciones enviado a 1 destinatarios con 0 licitaciones
2026-02-26T21:48:05.649-03:00  INFO 17836 --- [reto-backend-febrero2026] [  AuditThread-5] c.e.r.AuditAspect                        : [37450481] MĂłdulo: EMAIL_SERVICE - Mensaje: EjecuciĂłn exitosa: sendLicitacionesEmail - Detalle: [[]]
