#
# There is insufficient memory for the Java Runtime Environment to continue.
# Native memory allocation (malloc) failed to allocate 1183088 bytes for Chunk::new
# Possible reasons:
#   The system is out of physical RAM or swap space
#   The process is running with CompressedOops enabled, and the Java Heap may be blocking the growth of the native heap
# Possible solutions:
#   Reduce memory load on the system
#   Increase physical memory or swap space
#   Check if swap backing store is full
#   Decrease Java heap size (-Xmx/-Xms)
#   Decrease number of Java threads
#   Decrease Java thread stack sizes (-Xss)
#   Set larger code cache with -XX:ReservedCodeCacheSize=
#   JVM is running with Unscaled Compressed Oops mode in which the Java heap is
#     placed in the first 4GB address space. The Java Heap base address is the
#     maximum limit for the native heap growth. Please use -XX:HeapBaseMinAddress
#     to set the Java Heap base and to place the Java Heap above 4GB virtual address.
# This output file may be truncated or incomplete.
#
#  Out of Memory Error (arena.cpp:168), pid=19308, tid=20284
#
# JRE version: Java(TM) SE Runtime Environment (21.0.9+7) (build 21.0.9+7-LTS-338)
# Java VM: Java HotSpot(TM) 64-Bit Server VM (21.0.9+7-LTS-338, mixed mode, sharing, tiered, compressed oops, compressed class ptrs, g1 gc, windows-amd64)
# No core dump will be written. Minidumps are not enabled by default on client versions of Windows
#

---------------  S U M M A R Y ------------

Command Line: -Dmaven.multiModuleProjectDirectory=C:\Users\agust\facultad informatica\Programacion\java\reto-summer-pde-2026-invenzis-backend -Djansi.passthrough=true -Dmaven.home=C:\Users\agust\.m2\wrapper\dists\apache-maven-3.9.12-bin\5nmfsn99br87k5d4ajlekdq10k\apache-maven-3.9.12 -Dclassworlds.conf=C:\Users\agust\.m2\wrapper\dists\apache-maven-3.9.12-bin\5nmfsn99br87k5d4ajlekdq10k\apache-maven-3.9.12\bin\m2.conf -Dmaven.ext.class.path=C:\Program Files\JetBrains\IntelliJ IDEA 2024.3.3\plugins\maven\lib\maven-event-listener.jar -javaagent:C:\Program Files\JetBrains\IntelliJ IDEA 2024.3.3\lib\idea_rt.jar=59955:C:\Program Files\JetBrains\IntelliJ IDEA 2024.3.3\bin -Dfile.encoding=UTF-8 -Dsun.stdout.encoding=UTF-8 -Dsun.stderr.encoding=UTF-8 org.codehaus.classworlds.Launcher -Didea.version=2024.3.3 clean

Host: AMD Ryzen 3 3250U with Radeon Graphics         , 4 cores, 5G,  Windows 11 , 64 bit Build 26100 (10.0.26100.7705)
Time: Fri Feb 20 16:51:43 2026 Hora estándar de Montevideo elapsed time: 11.796104 seconds (0d 0h 0m 11s)

---------------  T H R E A D  ---------------

Current thread (0x000001625f38c840):  JavaThread "C2 CompilerThread0" daemon [_thread_in_native, id=20284, stack(0x0000005899400000,0x0000005899500000) (1024K)]


Current CompileTask:
C2:  11796 2722   !   4       java.net.URL::<init> (543 bytes)

Stack: [0x0000005899400000,0x0000005899500000]
Native frames: (J=compiled Java code, j=interpreted, Vv=VM code, C=native code)
V  [jvm.dll+0x6cbf89]
V  [jvm.dll+0x858421]
V  [jvm.dll+0x85a94e]
V  [jvm.dll+0x85b023]
V  [jvm.dll+0x27ebc6]
V  [jvm.dll+0xc4f4d]
V  [jvm.dll+0xc5483]
V  [jvm.dll+0x3b69fc]
V  [jvm.dll+0x382925]
V  [jvm.dll+0x381d9a]
V  [jvm.dll+0x247640]
V  [jvm.dll+0x246c1f]
V  [jvm.dll+0x1c7a3e]
V  [jvm.dll+0x256329]
V  [jvm.dll+0x2548ba]
V  [jvm.dll+0x3efdee]
V  [jvm.dll+0x80265b]
V  [jvm.dll+0x6ca66d]
C  [ucrtbase.dll+0x37b0]
C  [KERNEL32.DLL+0x2e8d7]
C  [ntdll.dll+0x8c40c]


---------------  P R O C E S S  ---------------

Threads class SMR info:
_java_thread_list=0x00000162646268f0, length=14, elements={
0x0000016241f66640, 0x000001625f381130, 0x000001625f385bb0, 0x000001625f389800,
0x000001625f38a5f0, 0x000001625f38b050, 0x000001625f38bab0, 0x000001625f38c840,
0x000001625f3f0ab0, 0x000001625f694370, 0x000001625f71d180, 0x000001625f71efc0,
0x00000162645dbd80, 0x00000162642f6bb0
}

Java Threads: ( => current thread )
  0x0000016241f66640 JavaThread "main"                              [_thread_in_native, id=2092, stack(0x0000005898600000,0x0000005898700000) (1024K)]
  0x000001625f381130 JavaThread "Reference Handler"          daemon [_thread_blocked, id=9272, stack(0x0000005898e00000,0x0000005898f00000) (1024K)]
  0x000001625f385bb0 JavaThread "Finalizer"                  daemon [_thread_blocked, id=6200, stack(0x0000005898f00000,0x0000005899000000) (1024K)]
  0x000001625f389800 JavaThread "Signal Dispatcher"          daemon [_thread_blocked, id=8004, stack(0x0000005899000000,0x0000005899100000) (1024K)]
  0x000001625f38a5f0 JavaThread "Attach Listener"            daemon [_thread_blocked, id=14388, stack(0x0000005899100000,0x0000005899200000) (1024K)]
  0x000001625f38b050 JavaThread "Service Thread"             daemon [_thread_blocked, id=19516, stack(0x0000005899200000,0x0000005899300000) (1024K)]
  0x000001625f38bab0 JavaThread "Monitor Deflation Thread"   daemon [_thread_blocked, id=12700, stack(0x0000005899300000,0x0000005899400000) (1024K)]
=>0x000001625f38c840 JavaThread "C2 CompilerThread0"         daemon [_thread_in_native, id=20284, stack(0x0000005899400000,0x0000005899500000) (1024K)]
  0x000001625f3f0ab0 JavaThread "C1 CompilerThread0"         daemon [_thread_blocked, id=17268, stack(0x0000005899500000,0x0000005899600000) (1024K)]
  0x000001625f694370 JavaThread "Common-Cleaner"             daemon [_thread_blocked, id=17224, stack(0x0000005899600000,0x0000005899700000) (1024K)]
  0x000001625f71d180 JavaThread "Monitor Ctrl-Break"         daemon [_thread_in_native, id=9620, stack(0x0000005899700000,0x0000005899800000) (1024K)]
  0x000001625f71efc0 JavaThread "Notification Thread"        daemon [_thread_blocked, id=18280, stack(0x0000005899800000,0x0000005899900000) (1024K)]
  0x00000162645dbd80 JavaThread "C2 CompilerThread1"         daemon [_thread_blocked, id=7116, stack(0x0000005899c00000,0x0000005899d00000) (1024K)]
  0x00000162642f6bb0 JavaThread "Thread-1"                   daemon [_thread_blocked, id=8424, stack(0x0000005899d00000,0x0000005899e00000) (1024K)]
Total: 14

Other Threads:
  0x000001625f3657a0 VMThread "VM Thread"                           [id=12644, stack(0x0000005898d00000,0x0000005898e00000) (1024K)]
  0x000001625f351120 WatcherThread "VM Periodic Task Thread"        [id=6428, stack(0x0000005898c00000,0x0000005898d00000) (1024K)]
  0x0000016241faded0 WorkerThread "GC Thread#0"                     [id=4596, stack(0x0000005898700000,0x0000005898800000) (1024K)]
  0x00000162645fd570 WorkerThread "GC Thread#1"                     [id=18544, stack(0x0000005899900000,0x0000005899a00000) (1024K)]
  0x000001626460ccc0 WorkerThread "GC Thread#2"                     [id=19600, stack(0x0000005899a00000,0x0000005899b00000) (1024K)]
  0x000001626460d070 WorkerThread "GC Thread#3"                     [id=17684, stack(0x0000005899b00000,0x0000005899c00000) (1024K)]
  0x0000016241fbac50 ConcurrentGCThread "G1 Main Marker"            [id=2316, stack(0x0000005898800000,0x0000005898900000) (1024K)]
  0x0000016241fbb670 WorkerThread "G1 Conc#0"                       [id=16096, stack(0x0000005898900000,0x0000005898a00000) (1024K)]
  0x000001624202e900 ConcurrentGCThread "G1 Refine#0"               [id=16932, stack(0x0000005898a00000,0x0000005898b00000) (1024K)]
  0x000001625f220470 ConcurrentGCThread "G1 Service"                [id=7004, stack(0x0000005898b00000,0x0000005898c00000) (1024K)]
Total: 10

Threads with active compile tasks:
C2 CompilerThread0    11857 2722   !   4       java.net.URL::<init> (543 bytes)
Total: 1

VM state: not at safepoint (normal execution)

VM Mutex/Monitor currently owned by a thread: None

Heap address: 0x00000000a0c00000, size: 1524 MB, Compressed Oops mode: 32-bit

CDS archive(s) mapped at: [0x0000016200000000-0x0000016200c90000-0x0000016200c90000), size 13172736, SharedBaseAddress: 0x0000016200000000, ArchiveRelocationMode: 1.
Compressed class space mapped at: 0x0000016201000000-0x0000016241000000, reserved size: 1073741824
Narrow klass base: 0x0000016200000000, Narrow klass shift: 0, Narrow klass range: 0x100000000

GC Precious Log:
 CardTable entry size: 512
 Card Set container configuration: InlinePtr #cards 5 size 8 Array Of Cards #cards 12 size 40 Howl #buckets 4 coarsen threshold 1843 Howl Bitmap #cards 512 size 80 coarsen threshold 460 Card regions per heap region 1 cards per card region 2048
 CPUs: 4 total, 4 available
 Memory: 6094M
 Large Page Support: Disabled
 NUMA Support: Disabled
 Compressed Oops: Enabled (32-bit)
 Heap Region Size: 1M
 Heap Min Capacity: 8M
 Heap Initial Capacity: 96M
 Heap Max Capacity: 1524M
 Pre-touch: Disabled
 Parallel Workers: 4
 Concurrent Workers: 1
 Concurrent Refinement Workers: 4
 Periodic GC: Disabled

Heap:
 garbage-first heap   total 98304K, used 49136K [0x00000000a0c00000, 0x0000000100000000)
  region size 1024K, 47 young (48128K), 1 survivors (1024K)
 Metaspace       used 13736K, committed 14016K, reserved 1114112K
  class space    used 1625K, committed 1728K, reserved 1048576K

Heap Regions: E=young(eden), S=young(survivor), O=old, HS=humongous(starts), HC=humongous(continues), CS=collection set, F=free, TAMS=top-at-mark-start, PB=parsable bottom
|   0|0x00000000a0c00000, 0x00000000a0d00000, 0x00000000a0d00000|100%| O|  |TAMS 0x00000000a0c00000| PB 0x00000000a0c00000| Untracked 
|   1|0x00000000a0d00000, 0x00000000a0e00000, 0x00000000a0e00000|100%| O|  |TAMS 0x00000000a0d00000| PB 0x00000000a0d00000| Untracked 
|   2|0x00000000a0e00000, 0x00000000a0f00000, 0x00000000a0f00000|100%| O|  |TAMS 0x00000000a0e00000| PB 0x00000000a0e00000| Untracked 
|   3|0x00000000a0f00000, 0x00000000a0f5b7b8, 0x00000000a1000000| 35%| O|  |TAMS 0x00000000a0f00000| PB 0x00000000a0f00000| Untracked 
|   4|0x00000000a1000000, 0x00000000a1000000, 0x00000000a1100000|  0%| F|  |TAMS 0x00000000a1000000| PB 0x00000000a1000000| Untracked 
|   5|0x00000000a1100000, 0x00000000a1100000, 0x00000000a1200000|  0%| F|  |TAMS 0x00000000a1100000| PB 0x00000000a1100000| Untracked 
|   6|0x00000000a1200000, 0x00000000a1200000, 0x00000000a1300000|  0%| F|  |TAMS 0x00000000a1200000| PB 0x00000000a1200000| Untracked 
|   7|0x00000000a1300000, 0x00000000a1300000, 0x00000000a1400000|  0%| F|  |TAMS 0x00000000a1300000| PB 0x00000000a1300000| Untracked 
|   8|0x00000000a1400000, 0x00000000a1400000, 0x00000000a1500000|  0%| F|  |TAMS 0x00000000a1400000| PB 0x00000000a1400000| Untracked 
|   9|0x00000000a1500000, 0x00000000a1500000, 0x00000000a1600000|  0%| F|  |TAMS 0x00000000a1500000| PB 0x00000000a1500000| Untracked 
|  10|0x00000000a1600000, 0x00000000a1600000, 0x00000000a1700000|  0%| F|  |TAMS 0x00000000a1600000| PB 0x00000000a1600000| Untracked 
|  11|0x00000000a1700000, 0x00000000a1700000, 0x00000000a1800000|  0%| F|  |TAMS 0x00000000a1700000| PB 0x00000000a1700000| Untracked 
|  12|0x00000000a1800000, 0x00000000a1800000, 0x00000000a1900000|  0%| F|  |TAMS 0x00000000a1800000| PB 0x00000000a1800000| Untracked 
|  13|0x00000000a1900000, 0x00000000a1900000, 0x00000000a1a00000|  0%| F|  |TAMS 0x00000000a1900000| PB 0x00000000a1900000| Untracked 
|  14|0x00000000a1a00000, 0x00000000a1a00000, 0x00000000a1b00000|  0%| F|  |TAMS 0x00000000a1a00000| PB 0x00000000a1a00000| Untracked 
|  15|0x00000000a1b00000, 0x00000000a1b00000, 0x00000000a1c00000|  0%| F|  |TAMS 0x00000000a1b00000| PB 0x00000000a1b00000| Untracked 
|  16|0x00000000a1c00000, 0x00000000a1c00000, 0x00000000a1d00000|  0%| F|  |TAMS 0x00000000a1c00000| PB 0x00000000a1c00000| Untracked 
|  17|0x00000000a1d00000, 0x00000000a1d00000, 0x00000000a1e00000|  0%| F|  |TAMS 0x00000000a1d00000| PB 0x00000000a1d00000| Untracked 
|  18|0x00000000a1e00000, 0x00000000a1e00000, 0x00000000a1f00000|  0%| F|  |TAMS 0x00000000a1e00000| PB 0x00000000a1e00000| Untracked 
|  19|0x00000000a1f00000, 0x00000000a1f00000, 0x00000000a2000000|  0%| F|  |TAMS 0x00000000a1f00000| PB 0x00000000a1f00000| Untracked 
|  20|0x00000000a2000000, 0x00000000a2000000, 0x00000000a2100000|  0%| F|  |TAMS 0x00000000a2000000| PB 0x00000000a2000000| Untracked 
|  21|0x00000000a2100000, 0x00000000a2100000, 0x00000000a2200000|  0%| F|  |TAMS 0x00000000a2100000| PB 0x00000000a2100000| Untracked 
|  22|0x00000000a2200000, 0x00000000a2200000, 0x00000000a2300000|  0%| F|  |TAMS 0x00000000a2200000| PB 0x00000000a2200000| Untracked 
|  23|0x00000000a2300000, 0x00000000a2300000, 0x00000000a2400000|  0%| F|  |TAMS 0x00000000a2300000| PB 0x00000000a2300000| Untracked 
|  24|0x00000000a2400000, 0x00000000a2400000, 0x00000000a2500000|  0%| F|  |TAMS 0x00000000a2400000| PB 0x00000000a2400000| Untracked 
|  25|0x00000000a2500000, 0x00000000a2500000, 0x00000000a2600000|  0%| F|  |TAMS 0x00000000a2500000| PB 0x00000000a2500000| Untracked 
|  26|0x00000000a2600000, 0x00000000a2600000, 0x00000000a2700000|  0%| F|  |TAMS 0x00000000a2600000| PB 0x00000000a2600000| Untracked 
|  27|0x00000000a2700000, 0x00000000a2700000, 0x00000000a2800000|  0%| F|  |TAMS 0x00000000a2700000| PB 0x00000000a2700000| Untracked 
|  28|0x00000000a2800000, 0x00000000a2800000, 0x00000000a2900000|  0%| F|  |TAMS 0x00000000a2800000| PB 0x00000000a2800000| Untracked 
|  29|0x00000000a2900000, 0x00000000a2900000, 0x00000000a2a00000|  0%| F|  |TAMS 0x00000000a2900000| PB 0x00000000a2900000| Untracked 
|  30|0x00000000a2a00000, 0x00000000a2a00000, 0x00000000a2b00000|  0%| F|  |TAMS 0x00000000a2a00000| PB 0x00000000a2a00000| Untracked 
|  31|0x00000000a2b00000, 0x00000000a2b00000, 0x00000000a2c00000|  0%| F|  |TAMS 0x00000000a2b00000| PB 0x00000000a2b00000| Untracked 
|  32|0x00000000a2c00000, 0x00000000a2c00000, 0x00000000a2d00000|  0%| F|  |TAMS 0x00000000a2c00000| PB 0x00000000a2c00000| Untracked 
|  33|0x00000000a2d00000, 0x00000000a2d00000, 0x00000000a2e00000|  0%| F|  |TAMS 0x00000000a2d00000| PB 0x00000000a2d00000| Untracked 
|  34|0x00000000a2e00000, 0x00000000a2e00000, 0x00000000a2f00000|  0%| F|  |TAMS 0x00000000a2e00000| PB 0x00000000a2e00000| Untracked 
|  35|0x00000000a2f00000, 0x00000000a2f00000, 0x00000000a3000000|  0%| F|  |TAMS 0x00000000a2f00000| PB 0x00000000a2f00000| Untracked 
|  36|0x00000000a3000000, 0x00000000a3000000, 0x00000000a3100000|  0%| F|  |TAMS 0x00000000a3000000| PB 0x00000000a3000000| Untracked 
|  37|0x00000000a3100000, 0x00000000a3100000, 0x00000000a3200000|  0%| F|  |TAMS 0x00000000a3100000| PB 0x00000000a3100000| Untracked 
|  38|0x00000000a3200000, 0x00000000a3200000, 0x00000000a3300000|  0%| F|  |TAMS 0x00000000a3200000| PB 0x00000000a3200000| Untracked 
|  39|0x00000000a3300000, 0x00000000a3300000, 0x00000000a3400000|  0%| F|  |TAMS 0x00000000a3300000| PB 0x00000000a3300000| Untracked 
|  40|0x00000000a3400000, 0x00000000a3400000, 0x00000000a3500000|  0%| F|  |TAMS 0x00000000a3400000| PB 0x00000000a3400000| Untracked 
|  41|0x00000000a3500000, 0x00000000a3500000, 0x00000000a3600000|  0%| F|  |TAMS 0x00000000a3500000| PB 0x00000000a3500000| Untracked 
|  42|0x00000000a3600000, 0x00000000a3600000, 0x00000000a3700000|  0%| F|  |TAMS 0x00000000a3600000| PB 0x00000000a3600000| Untracked 
|  43|0x00000000a3700000, 0x00000000a3700000, 0x00000000a3800000|  0%| F|  |TAMS 0x00000000a3700000| PB 0x00000000a3700000| Untracked 
|  44|0x00000000a3800000, 0x00000000a3800000, 0x00000000a3900000|  0%| F|  |TAMS 0x00000000a3800000| PB 0x00000000a3800000| Untracked 
|  45|0x00000000a3900000, 0x00000000a3900000, 0x00000000a3a00000|  0%| F|  |TAMS 0x00000000a3900000| PB 0x00000000a3900000| Untracked 
|  46|0x00000000a3a00000, 0x00000000a3a00000, 0x00000000a3b00000|  0%| F|  |TAMS 0x00000000a3a00000| PB 0x00000000a3a00000| Untracked 
|  47|0x00000000a3b00000, 0x00000000a3b00000, 0x00000000a3c00000|  0%| F|  |TAMS 0x00000000a3b00000| PB 0x00000000a3b00000| Untracked 
|  48|0x00000000a3c00000, 0x00000000a3c00000, 0x00000000a3d00000|  0%| F|  |TAMS 0x00000000a3c00000| PB 0x00000000a3c00000| Untracked 
|  49|0x00000000a3d00000, 0x00000000a3db3ce8, 0x00000000a3e00000| 70%| E|  |TAMS 0x00000000a3d00000| PB 0x00000000a3d00000| Complete 
|  50|0x00000000a3e00000, 0x00000000a3f00000, 0x00000000a3f00000|100%| E|CS|TAMS 0x00000000a3e00000| PB 0x00000000a3e00000| Complete 
|  51|0x00000000a3f00000, 0x00000000a4000000, 0x00000000a4000000|100%| E|CS|TAMS 0x00000000a3f00000| PB 0x00000000a3f00000| Complete 
|  52|0x00000000a4000000, 0x00000000a4100000, 0x00000000a4100000|100%| E|CS|TAMS 0x00000000a4000000| PB 0x00000000a4000000| Complete 
|  53|0x00000000a4100000, 0x00000000a4200000, 0x00000000a4200000|100%| E|CS|TAMS 0x00000000a4100000| PB 0x00000000a4100000| Complete 
|  54|0x00000000a4200000, 0x00000000a4300000, 0x00000000a4300000|100%| E|CS|TAMS 0x00000000a4200000| PB 0x00000000a4200000| Complete 
|  55|0x00000000a4300000, 0x00000000a4400000, 0x00000000a4400000|100%| E|CS|TAMS 0x00000000a4300000| PB 0x00000000a4300000| Complete 
|  56|0x00000000a4400000, 0x00000000a4500000, 0x00000000a4500000|100%| E|CS|TAMS 0x00000000a4400000| PB 0x00000000a4400000| Complete 
|  57|0x00000000a4500000, 0x00000000a4600000, 0x00000000a4600000|100%| E|CS|TAMS 0x00000000a4500000| PB 0x00000000a4500000| Complete 
|  58|0x00000000a4600000, 0x00000000a4700000, 0x00000000a4700000|100%| E|CS|TAMS 0x00000000a4600000| PB 0x00000000a4600000| Complete 
|  59|0x00000000a4700000, 0x00000000a4800000, 0x00000000a4800000|100%| E|CS|TAMS 0x00000000a4700000| PB 0x00000000a4700000| Complete 
|  60|0x00000000a4800000, 0x00000000a4900000, 0x00000000a4900000|100%| E|CS|TAMS 0x00000000a4800000| PB 0x00000000a4800000| Complete 
|  61|0x00000000a4900000, 0x00000000a4a00000, 0x00000000a4a00000|100%| E|CS|TAMS 0x00000000a4900000| PB 0x00000000a4900000| Complete 
|  62|0x00000000a4a00000, 0x00000000a4b00000, 0x00000000a4b00000|100%| E|CS|TAMS 0x00000000a4a00000| PB 0x00000000a4a00000| Complete 
|  63|0x00000000a4b00000, 0x00000000a4c00000, 0x00000000a4c00000|100%| E|CS|TAMS 0x00000000a4b00000| PB 0x00000000a4b00000| Complete 
|  64|0x00000000a4c00000, 0x00000000a4d00000, 0x00000000a4d00000|100%| E|CS|TAMS 0x00000000a4c00000| PB 0x00000000a4c00000| Complete 
|  65|0x00000000a4d00000, 0x00000000a4e00000, 0x00000000a4e00000|100%| E|CS|TAMS 0x00000000a4d00000| PB 0x00000000a4d00000| Complete 
|  66|0x00000000a4e00000, 0x00000000a4f00000, 0x00000000a4f00000|100%| E|CS|TAMS 0x00000000a4e00000| PB 0x00000000a4e00000| Complete 
|  67|0x00000000a4f00000, 0x00000000a5000000, 0x00000000a5000000|100%| E|CS|TAMS 0x00000000a4f00000| PB 0x00000000a4f00000| Complete 
|  68|0x00000000a5000000, 0x00000000a5100000, 0x00000000a5100000|100%| E|CS|TAMS 0x00000000a5000000| PB 0x00000000a5000000| Complete 
|  69|0x00000000a5100000, 0x00000000a5200000, 0x00000000a5200000|100%| E|CS|TAMS 0x00000000a5100000| PB 0x00000000a5100000| Complete 
|  70|0x00000000a5200000, 0x00000000a5300000, 0x00000000a5300000|100%| E|CS|TAMS 0x00000000a5200000| PB 0x00000000a5200000| Complete 
|  71|0x00000000a5300000, 0x00000000a5400000, 0x00000000a5400000|100%| E|CS|TAMS 0x00000000a5300000| PB 0x00000000a5300000| Complete 
|  72|0x00000000a5400000, 0x00000000a5500000, 0x00000000a5500000|100%| E|CS|TAMS 0x00000000a5400000| PB 0x00000000a5400000| Complete 
|  73|0x00000000a5500000, 0x00000000a5600000, 0x00000000a5600000|100%| E|CS|TAMS 0x00000000a5500000| PB 0x00000000a5500000| Complete 
|  74|0x00000000a5600000, 0x00000000a5700000, 0x00000000a5700000|100%| E|CS|TAMS 0x00000000a5600000| PB 0x00000000a5600000| Complete 
|  75|0x00000000a5700000, 0x00000000a5800000, 0x00000000a5800000|100%| E|CS|TAMS 0x00000000a5700000| PB 0x00000000a5700000| Complete 
|  76|0x00000000a5800000, 0x00000000a5900000, 0x00000000a5900000|100%| E|CS|TAMS 0x00000000a5800000| PB 0x00000000a5800000| Complete 
|  77|0x00000000a5900000, 0x00000000a59a0c40, 0x00000000a5a00000| 62%| S|CS|TAMS 0x00000000a5900000| PB 0x00000000a5900000| Complete 
|  78|0x00000000a5a00000, 0x00000000a5b00000, 0x00000000a5b00000|100%| E|CS|TAMS 0x00000000a5a00000| PB 0x00000000a5a00000| Complete 
|  79|0x00000000a5b00000, 0x00000000a5c00000, 0x00000000a5c00000|100%| E|CS|TAMS 0x00000000a5b00000| PB 0x00000000a5b00000| Complete 
|  80|0x00000000a5c00000, 0x00000000a5d00000, 0x00000000a5d00000|100%| E|CS|TAMS 0x00000000a5c00000| PB 0x00000000a5c00000| Complete 
|  81|0x00000000a5d00000, 0x00000000a5e00000, 0x00000000a5e00000|100%| E|CS|TAMS 0x00000000a5d00000| PB 0x00000000a5d00000| Complete 
|  82|0x00000000a5e00000, 0x00000000a5f00000, 0x00000000a5f00000|100%| E|CS|TAMS 0x00000000a5e00000| PB 0x00000000a5e00000| Complete 
|  83|0x00000000a5f00000, 0x00000000a6000000, 0x00000000a6000000|100%| E|CS|TAMS 0x00000000a5f00000| PB 0x00000000a5f00000| Complete 
|  84|0x00000000a6000000, 0x00000000a6100000, 0x00000000a6100000|100%| E|CS|TAMS 0x00000000a6000000| PB 0x00000000a6000000| Complete 
|  85|0x00000000a6100000, 0x00000000a6200000, 0x00000000a6200000|100%| E|CS|TAMS 0x00000000a6100000| PB 0x00000000a6100000| Complete 
|  86|0x00000000a6200000, 0x00000000a6300000, 0x00000000a6300000|100%| E|  |TAMS 0x00000000a6200000| PB 0x00000000a6200000| Complete 
|  87|0x00000000a6300000, 0x00000000a6400000, 0x00000000a6400000|100%| E|CS|TAMS 0x00000000a6300000| PB 0x00000000a6300000| Complete 
|  88|0x00000000a6400000, 0x00000000a6500000, 0x00000000a6500000|100%| E|CS|TAMS 0x00000000a6400000| PB 0x00000000a6400000| Complete 
|  89|0x00000000a6500000, 0x00000000a6600000, 0x00000000a6600000|100%| E|CS|TAMS 0x00000000a6500000| PB 0x00000000a6500000| Complete 
|  90|0x00000000a6600000, 0x00000000a6700000, 0x00000000a6700000|100%| E|CS|TAMS 0x00000000a6600000| PB 0x00000000a6600000| Complete 
|  91|0x00000000a6700000, 0x00000000a6800000, 0x00000000a6800000|100%| E|CS|TAMS 0x00000000a6700000| PB 0x00000000a6700000| Complete 
|  92|0x00000000a6800000, 0x00000000a6900000, 0x00000000a6900000|100%| E|CS|TAMS 0x00000000a6800000| PB 0x00000000a6800000| Complete 
|  93|0x00000000a6900000, 0x00000000a6a00000, 0x00000000a6a00000|100%| E|CS|TAMS 0x00000000a6900000| PB 0x00000000a6900000| Complete 
|  94|0x00000000a6a00000, 0x00000000a6b00000, 0x00000000a6b00000|100%| E|CS|TAMS 0x00000000a6a00000| PB 0x00000000a6a00000| Complete 
|  95|0x00000000a6b00000, 0x00000000a6c00000, 0x00000000a6c00000|100%| E|CS|TAMS 0x00000000a6b00000| PB 0x00000000a6b00000| Complete 

Card table byte_map: [0x000001625b310000,0x000001625b610000] _byte_map_base: 0x000001625ae0a000

Marking Bits: (CMBitMap*) 0x0000016241fae4f0
 Bits: [0x000001625b610000, 0x000001625cde0000)

Polling page: 0x0000016241c50000

Metaspace:

Usage:
  Non-class:     11.83 MB used.
      Class:      1.59 MB used.
       Both:     13.42 MB used.

Virtual space:
  Non-class space:       64.00 MB reserved,      12.00 MB ( 19%) committed,  1 nodes.
      Class space:        1.00 GB reserved,       1.69 MB ( <1%) committed,  1 nodes.
             Both:        1.06 GB reserved,      13.69 MB (  1%) committed. 

Chunk freelists:
   Non-Class:  3.55 MB
       Class:  14.14 MB
        Both:  17.69 MB

MaxMetaspaceSize: unlimited
CompressedClassSpaceSize: 1.00 GB
Initial GC threshold: 21.00 MB
Current GC threshold: 21.00 MB
CDS: on
 - commit_granule_bytes: 65536.
 - commit_granule_words: 8192.
 - virtual_space_node_default_size: 8388608.
 - enlarge_chunks_in_place: 1.
 - use_allocation_guard: 0.


Internal statistics:

num_allocs_failed_limit: 0.
num_arena_births: 108.
num_arena_deaths: 0.
num_vsnodes_births: 2.
num_vsnodes_deaths: 0.
num_space_committed: 219.
num_space_uncommitted: 0.
num_chunks_returned_to_freelist: 0.
num_chunks_taken_from_freelist: 553.
num_chunk_merges: 0.
num_chunk_splits: 387.
num_chunks_enlarged: 309.
num_inconsistent_stats: 0.

CodeHeap 'non-profiled nmethods': size=120000Kb used=1149Kb max_used=1149Kb free=118850Kb
 bounds [0x00000162534c0000, 0x0000016253730000, 0x000001625a9f0000]
CodeHeap 'profiled nmethods': size=120000Kb used=5551Kb max_used=5551Kb free=114448Kb
 bounds [0x000001624b9f0000, 0x000001624bf60000, 0x0000016252f20000]
CodeHeap 'non-nmethods': size=5760Kb used=1387Kb max_used=1402Kb free=4372Kb
 bounds [0x0000016252f20000, 0x0000016253190000, 0x00000162534c0000]
 total_blobs=3253 nmethods=2769 adapters=388
 compilation: enabled
              stopped_count=0, restarted_count=0
 full_count=0

Compilation events (20 events):
Event: 11.604 Thread 0x000001625f3f0ab0 2753       3       java.lang.invoke.DirectMethodHandle$Accessor::<init> (24 bytes)
Event: 11.605 Thread 0x000001625f3f0ab0 nmethod 2753 0x000001624bf55210 code [0x000001624bf553e0, 0x000001624bf555d8]
Event: 11.605 Thread 0x000001625f3f0ab0 2754       3       java.lang.reflect.Field::setOverrideFieldAccessor (20 bytes)
Event: 11.605 Thread 0x000001625f3f0ab0 nmethod 2754 0x000001624bf55710 code [0x000001624bf558e0, 0x000001624bf55bb0]
Event: 11.609 Thread 0x000001625f3f0ab0 2755       3       org.eclipse.sisu.inject.QualifyingStrategy::qualify (54 bytes)
Event: 11.610 Thread 0x000001625f3f0ab0 nmethod 2755 0x000001624bf55c90 code [0x000001624bf55ec0, 0x000001624bf56848]
Event: 11.616 Thread 0x000001625f3f0ab0 2756       1       org.eclipse.sisu.inject.RankedBindings::type (5 bytes)
Event: 11.617 Thread 0x000001625f3f0ab0 nmethod 2756 0x00000162535de390 code [0x00000162535de520, 0x00000162535de5e8]
Event: 11.617 Thread 0x000001625f3f0ab0 2757       3       org.eclipse.sisu.inject.InjectorBindings::publishWildcardMatches (82 bytes)
Event: 11.618 Thread 0x000001625f3f0ab0 nmethod 2757 0x000001624bf56a10 code [0x000001624bf56c60, 0x000001624bf57568]
Event: 11.624 Thread 0x000001625f3f0ab0 2758       3       com.google.common.collect.ImmutableMultimap::isEmpty (5 bytes)
Event: 11.625 Thread 0x000001625f3f0ab0 nmethod 2758 0x000001624bf57910 code [0x000001624bf57ac0, 0x000001624bf57d18]
Event: 11.631 Thread 0x000001625f3f0ab0 2759       3       com.google.common.collect.AbstractMultimap::isEmpty (13 bytes)
Event: 11.632 Thread 0x000001625f3f0ab0 nmethod 2759 0x000001624bf57e10 code [0x000001624bf57fc0, 0x000001624bf581e0]
Event: 11.641 Thread 0x000001625f3f0ab0 2760       3       java.util.concurrent.ConcurrentHashMap$EntryIterator::next (5 bytes)
Event: 11.641 Thread 0x000001625f3f0ab0 nmethod 2760 0x000001624bf58290 code [0x000001624bf58440, 0x000001624bf58578]
Event: 11.641 Thread 0x000001625f3f0ab0 2761       3       java.util.concurrent.ConcurrentHashMap$MapEntry::<init> (20 bytes)
Event: 11.642 Thread 0x000001625f3f0ab0 nmethod 2761 0x000001624bf58610 code [0x000001624bf587c0, 0x000001624bf58a40]
Event: 11.656 Thread 0x000001625f3f0ab0 2762       3       java.lang.StringLatin1::toChars (16 bytes)
Event: 11.656 Thread 0x000001625f3f0ab0 nmethod 2762 0x000001624bf58b10 code [0x000001624bf58cc0, 0x000001624bf58ea0]

GC Heap History (4 events):
Event: 3.435 GC heap before
{Heap before GC invocations=0 (full 0):
 garbage-first heap   total 98304K, used 12288K [0x00000000a0c00000, 0x0000000100000000)
  region size 1024K, 13 young (13312K), 0 survivors (0K)
 Metaspace       used 3726K, committed 3904K, reserved 1114112K
  class space    used 368K, committed 448K, reserved 1048576K
}
Event: 3.446 GC heap after
{Heap after GC invocations=1 (full 0):
 garbage-first heap   total 98304K, used 3392K [0x00000000a0c00000, 0x0000000100000000)
  region size 1024K, 2 young (2048K), 2 survivors (2048K)
 Metaspace       used 3726K, committed 3904K, reserved 1114112K
  class space    used 368K, committed 448K, reserved 1048576K
}
Event: 5.606 GC heap before
{Heap before GC invocations=1 (full 0):
 garbage-first heap   total 98304K, used 19776K [0x00000000a0c00000, 0x0000000100000000)
  region size 1024K, 18 young (18432K), 2 survivors (2048K)
 Metaspace       used 6369K, committed 6528K, reserved 1114112K
  class space    used 726K, committed 768K, reserved 1048576K
}
Event: 5.619 GC heap after
{Heap after GC invocations=2 (full 0):
 garbage-first heap   total 98304K, used 4080K [0x00000000a0c00000, 0x0000000100000000)
  region size 1024K, 1 young (1024K), 1 survivors (1024K)
 Metaspace       used 6369K, committed 6528K, reserved 1114112K
  class space    used 726K, committed 768K, reserved 1048576K
}

Dll operation events (12 events):
Event: 0.087 Loaded shared library C:\Program Files\Java\jdk-21\bin\java.dll
Event: 0.219 Loaded shared library C:\Program Files\Java\jdk-21\bin\jsvml.dll
Event: 0.703 Loaded shared library C:\Program Files\Java\jdk-21\bin\zip.dll
Event: 0.724 Loaded shared library C:\Program Files\Java\jdk-21\bin\instrument.dll
Event: 0.758 Loaded shared library C:\Program Files\Java\jdk-21\bin\net.dll
Event: 0.781 Loaded shared library C:\Program Files\Java\jdk-21\bin\nio.dll
Event: 0.818 Loaded shared library C:\Program Files\Java\jdk-21\bin\zip.dll
Event: 0.868 Loaded shared library C:\Program Files\JetBrains\IntelliJ IDEA 2024.3.3\bin\breakgen64.dll
Event: 0.895 Loaded shared library C:\Program Files\Java\jdk-21\bin\extnet.dll
Event: 1.643 Loaded shared library C:\Program Files\Java\jdk-21\bin\jimage.dll
Event: 2.069 Loaded shared library C:\Users\agust\AppData\Local\Temp\jansi-2.4.2-9cae261b5945d475-jansi.dll
Event: 2.100 Loaded shared library C:\Program Files\Java\jdk-21\bin\verify.dll

Deoptimization events (20 events):
Event: 11.288 Thread 0x0000016241f66640 DEOPT UNPACKING pc=0x0000016252f746a2 sp=0x00000058986f9f28 mode 2
Event: 11.487 Thread 0x0000016241f66640 Uncommon trap: trap_request=0xffffffbe fr.pc=0x00000162535dcf44 relative=0x0000000000000364
Event: 11.487 Thread 0x0000016241f66640 Uncommon trap: reason=profile_predicate action=maybe_recompile pc=0x00000162535dcf44 method=com.google.inject.internal.aop.ImmutableStringTrie.nextPivotColumn([Ljava/lang/String;III)I @ 21 c2
Event: 11.487 Thread 0x0000016241f66640 DEOPT PACKING pc=0x00000162535dcf44 sp=0x00000058986f9f90
Event: 11.487 Thread 0x0000016241f66640 DEOPT UNPACKING pc=0x0000016252f746a2 sp=0x00000058986f9f20 mode 2
Event: 11.494 Thread 0x0000016241f66640 Uncommon trap: trap_request=0xffffff45 fr.pc=0x00000162535d6d20 relative=0x0000000000000340
Event: 11.494 Thread 0x0000016241f66640 Uncommon trap: reason=unstable_if action=reinterpret pc=0x00000162535d6d20 method=org.eclipse.sisu.inject.InjectorBindings.isAssignableFrom(Lcom/google/inject/TypeLiteral;Lcom/google/inject/Binding;)Z @ 15 c2
Event: 11.494 Thread 0x0000016241f66640 DEOPT PACKING pc=0x00000162535d6d20 sp=0x00000058986fdab0
Event: 11.494 Thread 0x0000016241f66640 DEOPT UNPACKING pc=0x0000016252f746a2 sp=0x00000058986fda70 mode 2
Event: 11.599 Thread 0x0000016241f66640 Uncommon trap: trap_request=0xffffffbe fr.pc=0x00000162535dcf44 relative=0x0000000000000364
Event: 11.599 Thread 0x0000016241f66640 Uncommon trap: reason=profile_predicate action=maybe_recompile pc=0x00000162535dcf44 method=com.google.inject.internal.aop.ImmutableStringTrie.nextPivotColumn([Ljava/lang/String;III)I @ 21 c2
Event: 11.599 Thread 0x0000016241f66640 DEOPT PACKING pc=0x00000162535dcf44 sp=0x00000058986fc070
Event: 11.599 Thread 0x0000016241f66640 DEOPT UNPACKING pc=0x0000016252f746a2 sp=0x00000058986fc000 mode 2
Event: 11.662 Thread 0x0000016241f66640 Uncommon trap: trap_request=0xffffff45 fr.pc=0x0000016253543db4 relative=0x0000000000001e74
Event: 11.662 Thread 0x0000016241f66640 Uncommon trap: reason=unstable_if action=reinterpret pc=0x0000016253543db4 method=sun.nio.cs.StreamDecoder.implRead([CII)I @ 36 c2
Event: 11.663 Thread 0x0000016241f66640 DEOPT PACKING pc=0x0000016253543db4 sp=0x00000058986fe4d0
Event: 11.663 Thread 0x0000016241f66640 DEOPT UNPACKING pc=0x0000016252f746a2 sp=0x00000058986fe438 mode 2
Event: 11.664 Thread 0x0000016241f66640 Uncommon trap: trap_request=0xffffff45 fr.pc=0x0000016253549908 relative=0x0000000000000888
Event: 11.664 Thread 0x0000016241f66640 Uncommon trap: reason=unstable_if action=reinterpret pc=0x0000016253549908 method=sun.nio.cs.StreamDecoder.implRead([CII)I @ 36 c2
Event: 11.664 Thread 0x0000016241f66640 DEOPT PACKING pc=0x0000016253549908 sp=0x00000058986fe5a0

Classes loaded (20 events):
Event: 11.581 Loading class sun/security/provider/DRBG
Event: 11.581 Loading class java/security/SecureRandomSpi
Event: 11.581 Loading class java/security/SecureRandomSpi done
Event: 11.581 Loading class sun/security/provider/DRBG done
Event: 11.582 Loading class java/security/DrbgParameters$Capability
Event: 11.582 Loading class java/security/DrbgParameters$Capability done
Event: 11.582 Loading class sun/security/provider/MoreDrbgParameters
Event: 11.582 Loading class sun/security/provider/MoreDrbgParameters done
Event: 11.582 Loading class java/security/DrbgParameters
Event: 11.582 Loading class java/security/DrbgParameters done
Event: 11.582 Loading class java/security/DrbgParameters$Instantiation
Event: 11.582 Loading class java/security/DrbgParameters$Instantiation done
Event: 11.582 Loading class sun/security/provider/HashDrbg
Event: 11.583 Loading class sun/security/provider/AbstractHashDrbg
Event: 11.583 Loading class sun/security/provider/AbstractDrbg
Event: 11.583 Loading class sun/security/provider/AbstractDrbg done
Event: 11.583 Loading class sun/security/provider/AbstractHashDrbg done
Event: 11.583 Loading class sun/security/provider/HashDrbg done
Event: 11.583 Loading class sun/security/provider/EntropySource
Event: 11.583 Loading class sun/security/provider/EntropySource done

Classes unloaded (0 events):
No events

Classes redefined (0 events):
No events

Internal exceptions (20 events):
Event: 1.623 Thread 0x0000016241f66640 Exception <a 'java/lang/NullPointerException'{0x00000000a66d18e0}> (0x00000000a66d18e0) 
thrown [s\open\src\hotspot\share\interpreter\linkResolver.cpp, line 1372]
Event: 2.050 Thread 0x0000016241f66640 Exception <a 'sun/nio/fs/WindowsException'{0x00000000a66ffa58}> (0x00000000a66ffa58) 
thrown [s\open\src\hotspot\share\prims\jni.cpp, line 520]
Event: 2.126 Thread 0x0000016241f66640 Exception <a 'java/lang/NoSuchMethodError'{0x00000000a65e3110}: 'void java.lang.invoke.DirectMethodHandle$Holder.invokeVirtual(java.lang.Object, java.lang.Object)'> (0x00000000a65e3110) 
thrown [s\open\src\hotspot\share\interpreter\linkResolver.cpp, line 773]
Event: 2.141 Thread 0x0000016241f66640 Exception <a 'java/lang/NoSuchMethodError'{0x00000000a65ff1d8}: 'void java.lang.invoke.DirectMethodHandle$Holder.invokeStaticInit(java.lang.Object, java.lang.Object)'> (0x00000000a65ff1d8) 
thrown [s\open\src\hotspot\share\interpreter\linkResolver.cpp, line 773]
Event: 2.174 Thread 0x0000016241f66640 Exception <a 'java/lang/NoSuchMethodError'{0x00000000a6418a40}: 'void java.lang.invoke.DirectMethodHandle$Holder.invokeSpecial(java.lang.Object, java.lang.Object, java.lang.Object, java.lang.Object, java.lang.Object)'> (0x00000000a6418a40) 
thrown [s\open\src\hotspot\share\interpreter\linkResolver.cpp, line 773]
Event: 2.805 Thread 0x0000016241f66640 Exception <a 'java/lang/NoSuchMethodError'{0x00000000a63dbc98}: 'java.lang.Object java.lang.invoke.DirectMethodHandle$Holder.invokeSpecialIFC(java.lang.Object, java.lang.Object, java.lang.Object, java.lang.Object)'> (0x00000000a63dbc98) 
thrown [s\open\src\hotspot\share\interpreter\linkResolver.cpp, line 773]
Event: 3.608 Thread 0x0000016241f66640 Exception <a 'java/lang/NoSuchMethodError'{0x00000000a690cb38}: 'void java.lang.invoke.DirectMethodHandle$Holder.invokeSpecial(java.lang.Object, java.lang.Object, java.lang.Object)'> (0x00000000a690cb38) 
thrown [s\open\src\hotspot\share\interpreter\linkResolver.cpp, line 773]
Event: 3.793 Thread 0x0000016241f66640 Exception <a 'java/lang/NoSuchMethodError'{0x00000000a6870000}: 'java.lang.Object java.lang.invoke.DirectMethodHandle$Holder.invokeInterface(java.lang.Object, java.lang.Object)'> (0x00000000a6870000) 
thrown [s\open\src\hotspot\share\interpreter\linkResolver.cpp, line 773]
Event: 3.842 Thread 0x0000016241f66640 Exception <a 'java/lang/NoSuchMethodError'{0x00000000a6718a68}: 'int java.lang.invoke.DirectMethodHandle$Holder.invokeStatic(java.lang.Object, java.lang.Object, java.lang.Object, java.lang.Object)'> (0x00000000a6718a68) 
thrown [s\open\src\hotspot\share\interpreter\linkResolver.cpp, line 773]
Event: 3.843 Thread 0x0000016241f66640 Exception <a 'java/lang/NoSuchMethodError'{0x00000000a671c0f8}: 'java.lang.Object java.lang.invoke.Invokers$Holder.invokeExact_MT(java.lang.Object, java.lang.Object, java.lang.Object, java.lang.Object, java.lang.Object, java.lang.Object)'> (0x00000000a671c0f8) 
thrown [s\open\src\hotspot\share\interpreter\linkResolver.cpp, line 773]
Event: 3.851 Thread 0x0000016241f66640 Exception <a 'java/lang/NoSuchMethodError'{0x00000000a672a6f8}: 'int java.lang.invoke.DirectMethodHandle$Holder.invokeSpecialIFC(java.lang.Object, java.lang.Object, java.lang.Object, java.lang.Object, java.lang.Object)'> (0x00000000a672a6f8) 
thrown [s\open\src\hotspot\share\interpreter\linkResolver.cpp, line 773]
Event: 4.066 Thread 0x0000016241f66640 Exception <a 'java/lang/NoSuchMethodError'{0x00000000a66dba38}: 'java.lang.Object java.lang.invoke.DirectMethodHandle$Holder.newInvokeSpecial(java.lang.Object, java.lang.Object, java.lang.Object, java.lang.Object, java.lang.Object)'> (0x00000000a66dba38) 
thrown [s\open\src\hotspot\share\interpreter\linkResolver.cpp, line 773]
Event: 4.240 Thread 0x0000016241f66640 Exception <a 'java/lang/NoSuchMethodError'{0x00000000a6402628}: 'int java.lang.invoke.DirectMethodHandle$Holder.invokeStaticInit(java.lang.Object, java.lang.Object)'> (0x00000000a6402628) 
thrown [s\open\src\hotspot\share\interpreter\linkResolver.cpp, line 773]
Event: 4.341 Thread 0x0000016241f66640 Exception <a 'java/lang/NoClassDefFoundError'{0x00000000a643b978}: javax/enterprise/inject/Typed> (0x00000000a643b978) 
thrown [s\open\src\hotspot\share\classfile\systemDictionary.cpp, line 301]
Event: 9.481 Thread 0x0000016241f66640 Exception <a 'java/lang/NoSuchMethodError'{0x00000000a4b89af8}: 'void java.lang.invoke.DirectMethodHandle$Holder.invokeStaticInit(java.lang.Object, java.lang.Object, java.lang.Object)'> (0x00000000a4b89af8) 
thrown [s\open\src\hotspot\share\interpreter\linkResolver.cpp, line 773]
Event: 9.564 Thread 0x0000016241f66640 Implicit null exception at 0x000001625355a4dd to 0x000001625355a6e4
Event: 9.574 Thread 0x0000016241f66640 Exception <a 'java/lang/NoSuchMethodError'{0x00000000a4bfcbe8}: 'java.lang.Object java.lang.invoke.Invokers$Holder.invokeExact_MT(java.lang.Object, int, java.lang.Object)'> (0x00000000a4bfcbe8) 
thrown [s\open\src\hotspot\share\interpreter\linkResolver.cpp, line 773]
Event: 11.062 Thread 0x0000016241f66640 Exception <a 'java/lang/NoSuchMethodError'{0x00000000a425b6f8}: 'void java.lang.invoke.Invokers$Holder.invokeExact_MT(java.lang.Object, java.lang.Object, java.lang.Object, java.lang.Object)'> (0x00000000a425b6f8) 
thrown [s\open\src\hotspot\share\interpreter\linkResolver.cpp, line 773]
Event: 11.151 Thread 0x0000016241f66640 Exception <a 'java/lang/NoClassDefFoundError'{0x00000000a42f56e0}: com/google/inject/servlet/ServletModuleTargetVisitor> (0x00000000a42f56e0) 
thrown [s\open\src\hotspot\share\classfile\systemDictionary.cpp, line 301]
Event: 11.585 Thread 0x0000016241f66640 Exception <a 'java/lang/NoSuchMethodError'{0x00000000a3e0b030}: 'java.lang.Object java.lang.invoke.DirectMethodHandle$Holder.invokeStaticInit(java.lang.Object, int, int, int, int)'> (0x00000000a3e0b030) 
thrown [s\open\src\hotspot\share\interpreter\linkResolver.cpp, line 773]

ZGC Phase Switch (0 events):
No events

VM Operations (20 events):
Event: 8.858 Executing VM operation: Cleanup
Event: 8.873 Executing VM operation: Cleanup done
Event: 9.500 Executing VM operation: HandshakeAllThreads (Deoptimize)
Event: 9.500 Executing VM operation: HandshakeAllThreads (Deoptimize) done
Event: 9.815 Executing VM operation: HandshakeAllThreads (Deoptimize)
Event: 9.816 Executing VM operation: HandshakeAllThreads (Deoptimize) done
Event: 9.821 Executing VM operation: HandshakeAllThreads (Deoptimize)
Event: 9.821 Executing VM operation: HandshakeAllThreads (Deoptimize) done
Event: 10.463 Executing VM operation: HandshakeAllThreads (Deoptimize)
Event: 10.463 Executing VM operation: HandshakeAllThreads (Deoptimize) done
Event: 10.463 Executing VM operation: Cleanup
Event: 10.463 Executing VM operation: Cleanup done
Event: 11.014 Executing VM operation: HandshakeAllThreads (Deoptimize)
Event: 11.014 Executing VM operation: HandshakeAllThreads (Deoptimize) done
Event: 11.412 Executing VM operation: HandshakeAllThreads (Deoptimize)
Event: 11.412 Executing VM operation: HandshakeAllThreads (Deoptimize) done
Event: 11.500 Executing VM operation: HandshakeAllThreads (Deoptimize)
Event: 11.500 Executing VM operation: HandshakeAllThreads (Deoptimize) done
Event: 11.500 Executing VM operation: Cleanup
Event: 11.500 Executing VM operation: Cleanup done

Events (16 events):
Event: 0.130 Thread 0x0000016241f66640 Thread added: 0x0000016241f66640
Event: 0.209 Thread 0x000001625f381130 Thread added: 0x000001625f381130
Event: 0.210 Thread 0x000001625f385bb0 Thread added: 0x000001625f385bb0
Event: 0.213 Thread 0x000001625f389800 Thread added: 0x000001625f389800
Event: 0.213 Thread 0x000001625f38a5f0 Thread added: 0x000001625f38a5f0
Event: 0.213 Thread 0x000001625f38b050 Thread added: 0x000001625f38b050
Event: 0.213 Thread 0x000001625f38bab0 Thread added: 0x000001625f38bab0
Event: 0.213 Thread 0x000001625f38c840 Thread added: 0x000001625f38c840
Event: 0.222 Thread 0x000001625f3f0ab0 Thread added: 0x000001625f3f0ab0
Event: 0.737 Thread 0x000001625f694370 Thread added: 0x000001625f694370
Event: 0.869 Thread 0x000001625f71d180 Thread added: 0x000001625f71d180
Event: 0.869 Thread 0x000001625f71efc0 Thread added: 0x000001625f71efc0
Event: 1.636 Thread 0x00000162640c7870 Thread added: 0x00000162640c7870
Event: 2.105 Thread 0x00000162640c7870 Thread exited: 0x00000162640c7870
Event: 4.643 Thread 0x0000016264b99010 Thread added: 0x0000016264b99010
Event: 5.797 Thread 0x0000016264b99010 Thread exited: 0x0000016264b99010


Dynamic libraries:
0x00007ff6be160000 - 0x00007ff6be170000 	C:\Program Files\Java\jdk-21\bin\java.exe
0x00007fffeab40000 - 0x00007fffeada8000 	C:\WINDOWS\SYSTEM32\ntdll.dll
0x00007fffea1c0000 - 0x00007fffea289000 	C:\WINDOWS\System32\KERNEL32.DLL
0x00007fffe76e0000 - 0x00007fffe7ad1000 	C:\WINDOWS\System32\KERNELBASE.dll
0x00007fffe7bc0000 - 0x00007fffe7d0b000 	C:\WINDOWS\System32\ucrtbase.dll
0x00007fff987e0000 - 0x00007fff987f9000 	C:\Program Files\Java\jdk-21\bin\jli.dll
0x00007fffe89c0000 - 0x00007fffe8a74000 	C:\WINDOWS\System32\ADVAPI32.dll
0x00007fffe9e60000 - 0x00007fffe9f09000 	C:\WINDOWS\System32\msvcrt.dll
0x00007fffea310000 - 0x00007fffea3b6000 	C:\WINDOWS\System32\sechost.dll
0x00007fff987c0000 - 0x00007fff987db000 	C:\Program Files\Java\jdk-21\bin\VCRUNTIME140.dll
0x00007fffea4d0000 - 0x00007fffea5e8000 	C:\WINDOWS\System32\RPCRT4.dll
0x00007fffea8a0000 - 0x00007fffeaa66000 	C:\WINDOWS\System32\USER32.dll
0x00007fffd6b60000 - 0x00007fffd6df3000 	C:\WINDOWS\WinSxS\amd64_microsoft.windows.common-controls_6595b64144ccf1df_6.0.26100.7824_none_3e0870b2e3345462\COMCTL32.dll
0x00007fffe7b90000 - 0x00007fffe7bb7000 	C:\WINDOWS\System32\win32u.dll
0x00007fffe9db0000 - 0x00007fffe9ddb000 	C:\WINDOWS\System32\GDI32.dll
0x00007fffe7f40000 - 0x00007fffe806b000 	C:\WINDOWS\System32\gdi32full.dll
0x00007fffe7ae0000 - 0x00007fffe7b83000 	C:\WINDOWS\System32\msvcp_win.dll
0x00007fffe1830000 - 0x00007fffe183b000 	C:\WINDOWS\SYSTEM32\VERSION.dll
0x00007fffe9f10000 - 0x00007fffe9f41000 	C:\WINDOWS\System32\IMM32.DLL
0x00007fffdd2e0000 - 0x00007fffdd2ec000 	C:\Program Files\Java\jdk-21\bin\vcruntime140_1.dll
0x00007fff7d9f0000 - 0x00007fff7da7e000 	C:\Program Files\Java\jdk-21\bin\msvcp140.dll
0x00007fff72890000 - 0x00007fff735ad000 	C:\Program Files\Java\jdk-21\bin\server\jvm.dll
0x00007fffeaa80000 - 0x00007fffeaaf4000 	C:\WINDOWS\System32\WS2_32.dll
0x00007fffe7280000 - 0x00007fffe72de000 	C:\WINDOWS\SYSTEM32\POWRPROF.dll
0x00007fffe17f0000 - 0x00007fffe1825000 	C:\WINDOWS\SYSTEM32\WINMM.dll
0x00007fffe7260000 - 0x00007fffe7274000 	C:\WINDOWS\SYSTEM32\UMPDC.dll
0x00007fffe61c0000 - 0x00007fffe61db000 	C:\WINDOWS\SYSTEM32\kernel.appcore.dll
0x00007fffdd2d0000 - 0x00007fffdd2da000 	C:\Program Files\Java\jdk-21\bin\jimage.dll
0x00007fffe5220000 - 0x00007fffe5462000 	C:\WINDOWS\SYSTEM32\DBGHELP.DLL
0x00007fffe8c20000 - 0x00007fffe8fa6000 	C:\WINDOWS\System32\combase.dll
0x00007fffe88e0000 - 0x00007fffe89b7000 	C:\WINDOWS\System32\OLEAUT32.dll
0x00007fffcf7b0000 - 0x00007fffcf7eb000 	C:\WINDOWS\SYSTEM32\dbgcore.DLL
0x00007fffe7630000 - 0x00007fffe76d5000 	C:\WINDOWS\System32\bcryptPrimitives.dll
0x00007fffd4c70000 - 0x00007fffd4c7f000 	C:\Program Files\Java\jdk-21\bin\instrument.dll
0x00007fff987a0000 - 0x00007fff987bf000 	C:\Program Files\Java\jdk-21\bin\java.dll
0x00007fffe9440000 - 0x00007fffe9b92000 	C:\WINDOWS\System32\SHELL32.dll
0x00007fffe7d10000 - 0x00007fffe7e7a000 	C:\WINDOWS\System32\wintypes.dll
0x00007fffe8070000 - 0x00007fffe88d3000 	C:\WINDOWS\System32\windows.storage.dll
0x00007fffe9ba0000 - 0x00007fffe9c96000 	C:\WINDOWS\System32\SHCORE.dll
0x00007fffe9d40000 - 0x00007fffe9da7000 	C:\WINDOWS\System32\shlwapi.dll
0x00007fffe7340000 - 0x00007fffe7369000 	C:\WINDOWS\SYSTEM32\profapi.dll
0x00007fff7d910000 - 0x00007fff7d9e7000 	C:\Program Files\Java\jdk-21\bin\jsvml.dll
0x00007fffa1e40000 - 0x00007fffa1e58000 	C:\Program Files\Java\jdk-21\bin\zip.dll
0x00007fffdd2a0000 - 0x00007fffdd2b0000 	C:\Program Files\Java\jdk-21\bin\net.dll
0x00007fffdc860000 - 0x00007fffdc987000 	C:\WINDOWS\SYSTEM32\WINHTTP.dll
0x00007fffe6730000 - 0x00007fffe679b000 	C:\WINDOWS\system32\mswsock.dll
0x00007fff96790000 - 0x00007fff967a6000 	C:\Program Files\Java\jdk-21\bin\nio.dll
0x00007fffd4c50000 - 0x00007fffd4c6a000 	C:\Program Files\JetBrains\IntelliJ IDEA 2024.3.3\bin\breakgen64.dll
0x00007fffe2ab0000 - 0x00007fffe2ab9000 	C:\Program Files\Java\jdk-21\bin\extnet.dll
0x00007fffa1e10000 - 0x00007fffa1e34000 	C:\Users\agust\AppData\Local\Temp\jansi-2.4.2-9cae261b5945d475-jansi.dll
0x00007fffb0af0000 - 0x00007fffb0b00000 	C:\Program Files\Java\jdk-21\bin\verify.dll

dbghelp: loaded successfully - version: 4.0.5 - missing functions: none
symbol engine: initialized successfully - sym options: 0x614 - pdb path: .;C:\Program Files\Java\jdk-21\bin;C:\WINDOWS\SYSTEM32;C:\WINDOWS\WinSxS\amd64_microsoft.windows.common-controls_6595b64144ccf1df_6.0.26100.7824_none_3e0870b2e3345462;C:\Program Files\Java\jdk-21\bin\server;C:\Program Files\JetBrains\IntelliJ IDEA 2024.3.3\bin;C:\Users\agust\AppData\Local\Temp

VM Arguments:
jvm_args: -Dmaven.multiModuleProjectDirectory=C:\Users\agust\facultad informatica\Programacion\java\reto-summer-pde-2026-invenzis-backend -Djansi.passthrough=true -Dmaven.home=C:\Users\agust\.m2\wrapper\dists\apache-maven-3.9.12-bin\5nmfsn99br87k5d4ajlekdq10k\apache-maven-3.9.12 -Dclassworlds.conf=C:\Users\agust\.m2\wrapper\dists\apache-maven-3.9.12-bin\5nmfsn99br87k5d4ajlekdq10k\apache-maven-3.9.12\bin\m2.conf -Dmaven.ext.class.path=C:\Program Files\JetBrains\IntelliJ IDEA 2024.3.3\plugins\maven\lib\maven-event-listener.jar -javaagent:C:\Program Files\JetBrains\IntelliJ IDEA 2024.3.3\lib\idea_rt.jar=59955:C:\Program Files\JetBrains\IntelliJ IDEA 2024.3.3\bin -Dfile.encoding=UTF-8 -Dsun.stdout.encoding=UTF-8 -Dsun.stderr.encoding=UTF-8 
java_command: org.codehaus.classworlds.Launcher -Didea.version=2024.3.3 clean
java_class_path (initial): C:\Users\agust\.m2\wrapper\dists\apache-maven-3.9.12-bin\5nmfsn99br87k5d4ajlekdq10k\apache-maven-3.9.12\boot\plexus-classworlds-2.9.0.jar;C:\Users\agust\.m2\wrapper\dists\apache-maven-3.9.12-bin\5nmfsn99br87k5d4ajlekdq10k\apache-maven-3.9.12\boot\plexus-classworlds.license
Launcher Type: SUN_STANDARD

[Global flags]
     intx CICompilerCount                          = 3                                         {product} {ergonomic}
     uint ConcGCThreads                            = 1                                         {product} {ergonomic}
     uint G1ConcRefinementThreads                  = 4                                         {product} {ergonomic}
   size_t G1HeapRegionSize                         = 1048576                                   {product} {ergonomic}
    uintx GCDrainStackTargetSize                   = 64                                        {product} {ergonomic}
   size_t InitialHeapSize                          = 100663296                                 {product} {ergonomic}
   size_t MarkStackSize                            = 4194304                                   {product} {ergonomic}
   size_t MaxHeapSize                              = 1598029824                                {product} {ergonomic}
   size_t MaxNewSize                               = 958398464                                 {product} {ergonomic}
   size_t MinHeapDeltaBytes                        = 1048576                                   {product} {ergonomic}
   size_t MinHeapSize                              = 8388608                                   {product} {ergonomic}
    uintx NonNMethodCodeHeapSize                   = 5832780                                {pd product} {ergonomic}
    uintx NonProfiledCodeHeapSize                  = 122912730                              {pd product} {ergonomic}
    uintx ProfiledCodeHeapSize                     = 122912730                              {pd product} {ergonomic}
    uintx ReservedCodeCacheSize                    = 251658240                              {pd product} {ergonomic}
     bool SegmentedCodeCache                       = true                                      {product} {ergonomic}
   size_t SoftMaxHeapSize                          = 1598029824                             {manageable} {ergonomic}
     bool UseCompressedOops                        = true                           {product lp64_product} {ergonomic}
     bool UseG1GC                                  = true                                      {product} {ergonomic}
     bool UseLargePagesIndividualAllocation        = false                                  {pd product} {ergonomic}

Logging:
Log output configuration:
 #0: stdout all=warning uptime,level,tags foldmultilines=false
 #1: stderr all=off uptime,level,tags foldmultilines=false

Environment Variables:
JAVA_HOME=C:\Program Files\Java\jdk-21
PATH=C:\Program Files\Microsoft SDKs\Azure\CLI2\wbin;C:\Program Files\Common Files\Oracle\Java\javapath;C:\Program Files (x86)\NVIDIA Corporation\PhysX\Common;C:\WINDOWS\system32;C:\WINDOWS;C:\WINDOWS\System32\Wbem;C:\WINDOWS\System32\WindowsPowerShell\v1.0\;C:\WINDOWS\System32\OpenSSH\;C:\Program Files\dotnet\;C:\Program Files\Git\cmd;C:\Program Files\nodejs\;C:\Program Files\k6\;C:\Program Files\Docker\Docker\resources\bin;C:\Program Files\MySQL\MySQL Shell 8.0\bin\;C:\Users\agust\AppData\Local\Programs\Python\Python313\Scripts\;C:\Users\agust\AppData\Local\Programs\Python\Python313\;C:\Users\agust\AppData\Local\Microsoft\WindowsApps;C:\Users\agust\AppData\Roaming\npm;C:\Program Files\JetBrains\IntelliJ IDEA 2024.3.3\bin;;C:\Users\agust\.dotnet\tools;C:\Users\agust\AppData\Local\Programs\Microsoft VS Code\bin;C:\Program Files\Java\jdk-21\bin;
USERNAME=Pablo-PC
OS=Windows_NT
PROCESSOR_IDENTIFIER=AMD64 Family 23 Model 24 Stepping 1, AuthenticAMD
TMP=C:\Users\agust\AppData\Local\Temp
TEMP=C:\Users\agust\AppData\Local\Temp




Periodic native trim disabled

---------------  S Y S T E M  ---------------

OS:
 Windows 11 , 64 bit Build 26100 (10.0.26100.7705)
OS uptime: 0 days 8:31 hours
Hyper-V role detected

CPU: total 4 (initial active 4) (4 cores per cpu, 2 threads per core) family 23 model 24 stepping 1 microcode 0x8108109, cx8, cmov, fxsr, ht, mmx, 3dnowpref, sse, sse2, sse3, ssse3, sse4a, sse4.1, sse4.2, popcnt, lzcnt, tsc, tscinvbit, avx, avx2, aes, clmul, bmi1, bmi2, adx, sha, fma, vzeroupper, clflush, clflushopt, hv, rdtscp, f16c
Processor Information for all 4 processors :
  Max Mhz: 2600, Current Mhz: 2600, Mhz Limit: 2600

Memory: 4k page, system-wide physical 6094M (431M free)
TotalPageFile size 16094M (AvailPageFile size 8M)
current process WorkingSet (physical memory assigned to process): 126M, peak: 126M
current process commit charge ("private bytes"): 203M, peak: 204M

vm_info: Java HotSpot(TM) 64-Bit Server VM (21.0.9+7-LTS-338) for windows-amd64 JRE (21.0.9+7-LTS-338), built on 2025-09-26T06:33:49Z by "mach5run" with MS VC++ 17.6 (VS2022)

END.
